<?xml version="1.0" encoding="UTF-8"?>
<testsuite name="com.hanghae.velog.VelogApplicationTests" tests="1" skipped="0" failures="0" errors="0" timestamp="2021-10-20T06:21:00" hostname="DESKTOP-RCNTD61" time="0.088">
  <properties/>
  <testcase name="contextLoads()" classname="com.hanghae.velog.VelogApplicationTests" time="0.088"/>
  <system-out><![CDATA[15:20:56.811 [Test worker] DEBUG org.springframework.test.context.BootstrapUtils - Instantiating CacheAwareContextLoaderDelegate from class [org.springframework.test.context.cache.DefaultCacheAwareContextLoaderDelegate]
15:20:56.824 [Test worker] DEBUG org.springframework.test.context.BootstrapUtils - Instantiating BootstrapContext using constructor [public org.springframework.test.context.support.DefaultBootstrapContext(java.lang.Class,org.springframework.test.context.CacheAwareContextLoaderDelegate)]
15:20:56.849 [Test worker] DEBUG org.springframework.test.context.BootstrapUtils - Instantiating TestContextBootstrapper for test class [com.hanghae.velog.VelogApplicationTests] from class [org.springframework.boot.test.context.SpringBootTestContextBootstrapper]
15:20:56.858 [Test worker] INFO org.springframework.boot.test.context.SpringBootTestContextBootstrapper - Neither @ContextConfiguration nor @ContextHierarchy found for test class [com.hanghae.velog.VelogApplicationTests], using SpringBootContextLoader
15:20:56.861 [Test worker] DEBUG org.springframework.test.context.support.AbstractContextLoader - Did not detect default resource location for test class [com.hanghae.velog.VelogApplicationTests]: class path resource [com/hanghae/velog/VelogApplicationTests-context.xml] does not exist
15:20:56.862 [Test worker] DEBUG org.springframework.test.context.support.AbstractContextLoader - Did not detect default resource location for test class [com.hanghae.velog.VelogApplicationTests]: class path resource [com/hanghae/velog/VelogApplicationTestsContext.groovy] does not exist
15:20:56.862 [Test worker] INFO org.springframework.test.context.support.AbstractContextLoader - Could not detect default resource locations for test class [com.hanghae.velog.VelogApplicationTests]: no resource found for suffixes {-context.xml, Context.groovy}.
15:20:56.862 [Test worker] INFO org.springframework.test.context.support.AnnotationConfigContextLoaderUtils - Could not detect default configuration classes for test class [com.hanghae.velog.VelogApplicationTests]: VelogApplicationTests does not declare any static, non-private, non-final, nested classes annotated with @Configuration.
15:20:56.897 [Test worker] DEBUG org.springframework.test.context.support.ActiveProfilesUtils - Could not find an 'annotation declaring class' for annotation type [org.springframework.test.context.ActiveProfiles] and class [com.hanghae.velog.VelogApplicationTests]
15:20:56.940 [Test worker] DEBUG org.springframework.context.annotation.ClassPathScanningCandidateComponentProvider - Identified candidate component class: file [C:\Users\7\Documents\GitHub\hanghae-velog-clonecoding-backend\build\classes\java\main\com\hanghae\velog\VelogApplication.class]
15:20:56.941 [Test worker] INFO org.springframework.boot.test.context.SpringBootTestContextBootstrapper - Found @SpringBootConfiguration com.hanghae.velog.VelogApplication for test class com.hanghae.velog.VelogApplicationTests
15:20:57.014 [Test worker] DEBUG org.springframework.boot.test.context.SpringBootTestContextBootstrapper - @TestExecutionListeners is not present for class [com.hanghae.velog.VelogApplicationTests]: using defaults.
15:20:57.015 [Test worker] INFO org.springframework.boot.test.context.SpringBootTestContextBootstrapper - Loaded default TestExecutionListener class names from location [META-INF/spring.factories]: [org.springframework.security.test.context.support.WithSecurityContextTestExecutionListener, org.springframework.security.test.context.support.ReactorContextTestExecutionListener, org.springframework.boot.test.autoconfigure.restdocs.RestDocsTestExecutionListener, org.springframework.boot.test.autoconfigure.web.client.MockRestServiceServerResetTestExecutionListener, org.springframework.boot.test.autoconfigure.web.servlet.MockMvcPrintOnlyOnFailureTestExecutionListener, org.springframework.boot.test.autoconfigure.web.servlet.WebDriverTestExecutionListener, org.springframework.boot.test.autoconfigure.webservices.client.MockWebServiceServerTestExecutionListener, org.springframework.boot.test.mock.mockito.MockitoTestExecutionListener, org.springframework.boot.test.mock.mockito.ResetMocksTestExecutionListener, org.springframework.test.context.web.ServletTestExecutionListener, org.springframework.test.context.support.DirtiesContextBeforeModesTestExecutionListener, org.springframework.test.context.event.ApplicationEventsTestExecutionListener, org.springframework.test.context.support.DependencyInjectionTestExecutionListener, org.springframework.test.context.support.DirtiesContextTestExecutionListener, org.springframework.test.context.transaction.TransactionalTestExecutionListener, org.springframework.test.context.jdbc.SqlScriptsTestExecutionListener, org.springframework.test.context.event.EventPublishingTestExecutionListener]
15:20:57.038 [Test worker] INFO org.springframework.boot.test.context.SpringBootTestContextBootstrapper - Using TestExecutionListeners: [org.springframework.test.context.web.ServletTestExecutionListener@3113a37, org.springframework.test.context.support.DirtiesContextBeforeModesTestExecutionListener@213e3629, org.springframework.test.context.event.ApplicationEventsTestExecutionListener@4e9658b5, org.springframework.boot.test.mock.mockito.MockitoTestExecutionListener@2a7b6f69, org.springframework.boot.test.autoconfigure.SpringBootDependencyInjectionTestExecutionListener@20312893, org.springframework.test.context.support.DirtiesContextTestExecutionListener@70eecdc2, org.springframework.test.context.transaction.TransactionalTestExecutionListener@c41709a, org.springframework.test.context.jdbc.SqlScriptsTestExecutionListener@7db0565c, org.springframework.security.test.context.support.WithSecurityContextTestExecutionListener@54ec8cc9, org.springframework.test.context.event.EventPublishingTestExecutionListener@52eacb4b, org.springframework.security.test.context.support.ReactorContextTestExecutionListener@5528a42c, org.springframework.boot.test.autoconfigure.restdocs.RestDocsTestExecutionListener@2a551a63, org.springframework.boot.test.autoconfigure.web.client.MockRestServiceServerResetTestExecutionListener@1a6f5124, org.springframework.boot.test.autoconfigure.web.servlet.MockMvcPrintOnlyOnFailureTestExecutionListener@1edb61b1, org.springframework.boot.test.autoconfigure.web.servlet.WebDriverTestExecutionListener@ec2bf82, org.springframework.boot.test.autoconfigure.webservices.client.MockWebServiceServerTestExecutionListener@cc62a3b, org.springframework.boot.test.mock.mockito.ResetMocksTestExecutionListener@6cc0bcf6]
15:20:57.040 [Test worker] DEBUG org.springframework.test.context.support.AbstractDirtiesContextTestExecutionListener - Before test class: context [DefaultTestContext@433ffad1 testClass = VelogApplicationTests, testInstance = [null], testMethod = [null], testException = [null], mergedContextConfiguration = [WebMergedContextConfiguration@1fc793c2 testClass = VelogApplicationTests, locations = '{}', classes = '{class com.hanghae.velog.VelogApplication}', contextInitializerClasses = '[]', activeProfiles = '{}', propertySourceLocations = '{}', propertySourceProperties = '{org.springframework.boot.test.context.SpringBootTestContextBootstrapper=true}', contextCustomizers = set[org.springframework.boot.test.autoconfigure.actuate.metrics.MetricsExportContextCustomizerFactory$DisableMetricExportContextCustomizer@55342f40, org.springframework.boot.test.autoconfigure.properties.PropertyMappingContextCustomizer@0, org.springframework.boot.test.autoconfigure.web.servlet.WebDriverContextCustomizerFactory$Customizer@3f0846c6, org.springframework.boot.test.context.filter.ExcludeFilterContextCustomizer@45e37a7e, org.springframework.boot.test.json.DuplicateJsonObjectContextCustomizerFactory$DuplicateJsonObjectContextCustomizer@5a7005d, org.springframework.boot.test.mock.mockito.MockitoContextCustomizer@0, org.springframework.boot.test.web.client.TestRestTemplateContextCustomizer@7b8233cd, org.springframework.boot.test.context.SpringBootTestArgs@1, org.springframework.boot.test.context.SpringBootTestWebEnvironment@18ece7f4], resourceBasePath = 'src/main/webapp', contextLoader = 'org.springframework.boot.test.context.SpringBootContextLoader', parent = [null]], attributes = map['org.springframework.test.context.web.ServletTestExecutionListener.activateListener' -> true]], class annotated with @DirtiesContext [false] with mode [null].
15:20:57.065 [Test worker] DEBUG org.springframework.test.context.support.TestPropertySourceUtils - Adding inlined properties to environment: {spring.jmx.enabled=false, org.springframework.boot.test.context.SpringBootTestContextBootstrapper=true}

  .   ____          _            __ _ _
 /\\ / ___'_ __ _ _(_)_ __  __ _ \ \ \ \
( ( )\___ | '_ | '_| | '_ \/ _` | \ \ \ \
 \\/  ___)| |_)| | | | | || (_| |  ) ) ) )
  '  |____| .__|_| |_|_| |_\__, | / / / /
 =========|_|==============|___/=/_/_/_/
 :: Spring Boot ::                (v2.5.5)

2021-10-20 15:20:57.268  INFO 11668 --- [    Test worker] com.hanghae.velog.VelogApplicationTests  : Starting VelogApplicationTests using Java 11.0.12 on DESKTOP-RCNTD61 with PID 11668 (started by 7 in C:\Users\7\Documents\GitHub\hanghae-velog-clonecoding-backend)
2021-10-20 15:20:57.270  INFO 11668 --- [    Test worker] com.hanghae.velog.VelogApplicationTests  : No active profile set, falling back to default profiles: default
2021-10-20 15:20:57.854  INFO 11668 --- [    Test worker] .s.d.r.c.RepositoryConfigurationDelegate : Bootstrapping Spring Data JPA repositories in DEFAULT mode.
2021-10-20 15:20:57.927  INFO 11668 --- [    Test worker] .s.d.r.c.RepositoryConfigurationDelegate : Finished Spring Data repository scanning in 66 ms. Found 4 JPA repository interfaces.
2021-10-20 15:20:58.371  INFO 11668 --- [    Test worker] com.zaxxer.hikari.HikariDataSource       : HikariPool-1 - Starting...
2021-10-20 15:20:58.526  INFO 11668 --- [    Test worker] com.zaxxer.hikari.HikariDataSource       : HikariPool-1 - Start completed.
2021-10-20 15:20:58.587  INFO 11668 --- [    Test worker] o.hibernate.jpa.internal.util.LogHelper  : HHH000204: Processing PersistenceUnitInfo [name: default]
2021-10-20 15:20:58.644  INFO 11668 --- [    Test worker] org.hibernate.Version                    : HHH000412: Hibernate ORM core version 5.4.32.Final
2021-10-20 15:20:58.795  INFO 11668 --- [    Test worker] o.hibernate.annotations.common.Version   : HCANN000001: Hibernate Commons Annotations {5.1.2.Final}
2021-10-20 15:20:58.912  INFO 11668 --- [    Test worker] org.hibernate.dialect.Dialect            : HHH000400: Using dialect: org.hibernate.dialect.H2Dialect
2021-10-20 15:20:59.492  INFO 11668 --- [    Test worker] o.h.e.t.j.p.i.JtaPlatformInitiator       : HHH000490: Using JtaPlatform implementation: [org.hibernate.engine.transaction.jta.platform.internal.NoJtaPlatform]
2021-10-20 15:20:59.512  INFO 11668 --- [    Test worker] j.LocalContainerEntityManagerFactoryBean : Initialized JPA EntityManagerFactory for persistence unit 'default'
2021-10-20 15:20:59.965  WARN 11668 --- [    Test worker] JpaBaseConfiguration$JpaWebConfiguration : spring.jpa.open-in-view is enabled by default. Therefore, database queries may be performed during view rendering. Explicitly configure spring.jpa.open-in-view to disable this warning
2021-10-20 15:21:00.196  INFO 11668 --- [    Test worker] o.s.s.web.DefaultSecurityFilterChain     : Will secure any request with [org.springframework.security.web.context.request.async.WebAsyncManagerIntegrationFilter@16f15a4, org.springframework.security.web.context.SecurityContextPersistenceFilter@71ce19ee, org.springframework.security.web.header.HeaderWriterFilter@811d8d6, org.springframework.security.web.authentication.logout.LogoutFilter@7ed5cc8c, com.hanghae.velog.security.JwtAuthenticationFilter@548c5127, org.springframework.security.web.savedrequest.RequestCacheAwareFilter@113cc14d, org.springframework.security.web.servletapi.SecurityContextHolderAwareRequestFilter@3c468360, org.springframework.security.web.authentication.AnonymousAuthenticationFilter@35630ee8, org.springframework.security.web.session.SessionManagementFilter@3b95fce9, org.springframework.security.web.access.ExceptionTranslationFilter@7e764e5c, org.springframework.security.web.access.intercept.FilterSecurityInterceptor@549debdb]
2021-10-20 15:21:00.578  INFO 11668 --- [    Test worker] o.s.b.a.h2.H2ConsoleAutoConfiguration    : H2 console available at '/h2-console'. Database available at 'jdbc:h2:mem:springcoredb'
2021-10-20 15:21:00.627  INFO 11668 --- [    Test worker] o.s.b.a.w.s.WelcomePageHandlerMapping    : Adding welcome page template: index
2021-10-20 15:21:00.872  INFO 11668 --- [    Test worker] com.hanghae.velog.VelogApplicationTests  : Started VelogApplicationTests in 3.802 seconds (JVM running for 4.747)
]]></system-out>
  <system-err><![CDATA[]]></system-err>
</testsuite>
